\BOOKMARK [0][-]{chapter.1}{GENERALIDADES}{}% 1
\BOOKMARK [1][-]{section.1.1}{Objetivos}{chapter.1}% 2
\BOOKMARK [2][-]{subsection.1.1.1}{Objetivo general}{section.1.1}% 3
\BOOKMARK [2][-]{subsection.1.1.2}{Objetivos espec\355ficos}{section.1.1}% 4
\BOOKMARK [1][-]{section.1.2}{Justificaci\363n}{chapter.1}% 5
\BOOKMARK [1][-]{section.1.3}{Caracterizaci\363n de la empresa}{chapter.1}% 6
\BOOKMARK [2][-]{subsection.1.3.1}{Datos generales de la empresa}{section.1.3}% 7
\BOOKMARK [2][-]{subsection.1.3.2}{Descripci\363n del departamento o \341rea de trabajo}{section.1.3}% 8
\BOOKMARK [1][-]{section.1.4}{Problemas a resolver}{chapter.1}% 9
\BOOKMARK [1][-]{section.1.5}{Alcances y limitaciones}{chapter.1}% 10
\BOOKMARK [2][-]{subsection.1.5.1}{Alcances}{section.1.5}% 11
\BOOKMARK [2][-]{subsection.1.5.2}{Limitaciones}{section.1.5}% 12
\BOOKMARK [0][-]{chapter.2}{FUNDAMENTACI\323N TE\323RICA}{}% 13
\BOOKMARK [1][-]{section.2.1}{Ingenier\355a del software}{chapter.2}% 14
\BOOKMARK [1][-]{section.2.2}{Herramientas de desarrollo}{chapter.2}% 15
\BOOKMARK [1][-]{section.2.3}{Lenguajes de programaci\363n}{chapter.2}% 16
\BOOKMARK [1][-]{section.2.4}{Metodolog\355as de desarrollo de software}{chapter.2}% 17
\BOOKMARK [1][-]{section.2.5}{Eye Gaze }{chapter.2}% 18
\BOOKMARK [0][-]{chapter.3}{DESCRIPCI\323N DE ACTIVIDADES REALIZADAS}{}% 19
\BOOKMARK [1][-]{section.3.1}{An\341lisis}{chapter.3}% 20
\BOOKMARK [1][-]{section.3.2}{Dise\361o}{chapter.3}% 21
\BOOKMARK [1][-]{section.3.3}{Desarrollo}{chapter.3}% 22
\BOOKMARK [1][-]{section.3.4}{Pruebas}{chapter.3}% 23
\BOOKMARK [1][-]{section.3.5}{Implementaci\363n}{chapter.3}% 24
\BOOKMARK [1][-]{section.3.6}{Retroalimentaci\363n}{chapter.3}% 25
\BOOKMARK [1][-]{section.3.7}{Resultados}{chapter.3}% 26
\BOOKMARK [1][-]{section.3.8}{Conclusiones y recomendaciones}{chapter.3}% 27
\BOOKMARK [1][-]{section.3.9}{Referencias Bibliogr\341ficas}{chapter.3}% 28
