c:\users\kharl\documents\eye\debug\vc140.pdb
c:\users\kharl\documents\eye\debug\vc140.idb
c:\users\kharl\documents\eye\debug\source.nativecodeanalysis.xml
c:\users\kharl\documents\eye\debug\source.obj
c:\users\kharl\documents\eye\debug\autos.obj
c:\users\kharl\documents\eye\debug\saludos.obj
c:\users\kharl\documents\eye\debug\main.obj
c:\users\kharl\documents\eye\debug\inicializar.obj
c:\users\kharl\documents\eye\debug\eye.ilk
c:\users\kharl\documents\eye\debug\eye.exe
c:\users\kharl\documents\eye\debug\eye.pdb
c:\users\kharl\documents\eye\debug\nativecodeanalysis.read.1.tlog
c:\users\kharl\documents\eye\debug\vc.nativecodeanalysis.all.xml
c:\users\kharl\documents\eye\debug\eye.exe.lastcodeanalysissucceeded
c:\users\kharl\documents\eye\debug\eye.tlog\cl.command.1.tlog
c:\users\kharl\documents\eye\debug\eye.tlog\cl.read.1.tlog
c:\users\kharl\documents\eye\debug\eye.tlog\cl.write.1.tlog
c:\users\kharl\documents\eye\debug\eye.tlog\link.command.1.tlog
c:\users\kharl\documents\eye\debug\eye.tlog\link.read.1.tlog
c:\users\kharl\documents\eye\debug\eye.tlog\link.write.1.tlog
