  newhoug.cpp
c:\users\kharl\documents\git\godzila\eye\newhoug.cpp(36): warning C4018: '<': signed/unsigned mismatch
c:\users\kharl\documents\git\godzila\eye\newhoug.cpp(41): warning C4244: '=': conversion from 'double' to 'int', possible loss of data
c:\users\kharl\documents\git\godzila\eye\newhoug.cpp(45): warning C4244: '=': conversion from 'double' to 'int', possible loss of data
c:\users\kharl\documents\git\godzila\eye\newhoug.cpp(53): warning C4244: 'initializing': conversion from 'double' to 'int', possible loss of data
c:\users\kharl\documents\git\godzila\eye\newhoug.cpp(68): warning C4018: '<': signed/unsigned mismatch
c:\users\kharl\documents\git\godzila\eye\newhoug.cpp(70): warning C4018: '<': signed/unsigned mismatch
c:\users\kharl\documents\git\godzila\eye\newhoug.cpp(94): warning C4018: '<': signed/unsigned mismatch
c:\users\kharl\documents\git\godzila\eye\newhoug.cpp(98): warning C4018: '<': signed/unsigned mismatch
c:\users\kharl\documents\git\godzila\eye\newhoug.cpp(111): warning C4244: 'argument': conversion from 'double' to 'unsigned int', possible loss of data
c:\users\kharl\documents\git\godzila\eye\newhoug.cpp(111): warning C4244: 'argument': conversion from 'double' to 'int', possible loss of data
c:\users\kharl\documents\git\godzila\eye\newhoug.cpp(117): warning C4244: 'argument': conversion from 'double' to 'unsigned int', possible loss of data
c:\users\kharl\documents\git\godzila\eye\newhoug.cpp(132): warning C4018: '<': signed/unsigned mismatch
c:\users\kharl\documents\git\godzila\eye\newhoug.cpp(135): warning C4018: '<': signed/unsigned mismatch
c:\users\kharl\documents\git\godzila\eye\newhoug.cpp(141): warning C4018: '<': signed/unsigned mismatch
c:\users\kharl\documents\git\godzila\eye\newhoug.cpp(170): warning C4018: '<': signed/unsigned mismatch
c:\users\kharl\documents\git\godzila\eye\newhoug.cpp(179): warning C4018: '<': signed/unsigned mismatch
c:\users\kharl\documents\git\godzila\eye\newhoug.cpp(181): warning C4018: '<': signed/unsigned mismatch
c:\users\kharl\documents\git\godzila\eye\newhoug.cpp(190): warning C4018: '<': signed/unsigned mismatch
c:\users\kharl\documents\git\godzila\eye\newhoug.cpp(201): warning C4018: '<': signed/unsigned mismatch
c:\users\kharl\documents\git\godzila\eye\newhoug.cpp(203): warning C4018: '<': signed/unsigned mismatch
c:\users\kharl\documents\git\godzila\eye\newhoug.cpp(215): warning C4018: '<': signed/unsigned mismatch
c:\users\kharl\documents\git\godzila\eye\newhoug.cpp(217): warning C4018: '<': signed/unsigned mismatch
c:\users\kharl\documents\git\godzila\eye\newhoug.cpp(251): warning C4018: '<': signed/unsigned mismatch
c:\users\kharl\documents\git\godzila\eye\newhoug.cpp(253): warning C4018: '<': signed/unsigned mismatch
c:\users\kharl\documents\git\godzila\eye\newhoug.cpp(255): warning C4018: '<': signed/unsigned mismatch
c:\users\kharl\documents\git\godzila\eye\newhoug.cpp(273): warning C4018: '<': signed/unsigned mismatch
c:\users\kharl\documents\git\godzila\eye\newhoug.cpp(275): warning C4018: '<': signed/unsigned mismatch
c:\users\kharl\documents\git\godzila\eye\newhoug.cpp(277): warning C4018: '<': signed/unsigned mismatch
c:\users\kharl\documents\git\godzila\eye\newhoug.cpp(293): warning C4018: '<': signed/unsigned mismatch
c:\users\kharl\documents\git\godzila\eye\newhoug.cpp(295): warning C4018: '<': signed/unsigned mismatch
c:\users\kharl\documents\git\godzila\eye\newhoug.cpp(314): warning C4244: 'initializing': conversion from 'double' to 'int', possible loss of data
c:\users\kharl\documents\git\godzila\eye\newhoug.cpp(323): warning C4244: '=': conversion from 'double' to 'int', possible loss of data
c:\users\kharl\documents\git\godzila\eye\newhoug.cpp(343): warning C4018: '<': signed/unsigned mismatch
c:\users\kharl\documents\git\godzila\eye\newhoug.cpp(346): warning C4018: '<': signed/unsigned mismatch
c:\users\kharl\documents\git\godzila\eye\newhoug.cpp(351): warning C4018: '<': signed/unsigned mismatch
c:\users\kharl\documents\git\godzila\eye\newhoug.cpp(354): warning C4018: '<': signed/unsigned mismatch
c:\users\kharl\documents\git\godzila\eye\newhoug.cpp(358): warning C4018: '<': signed/unsigned mismatch
c:\users\kharl\documents\git\godzila\eye\newhoug.cpp(369): warning C4018: '<': signed/unsigned mismatch
c:\users\kharl\documents\git\godzila\eye\newhoug.cpp(381): warning C4018: '<': signed/unsigned mismatch
c:\users\kharl\documents\git\godzila\eye\newhoug.cpp(382): warning C4244: 'initializing': conversion from 'int' to 'float', possible loss of data
c:\users\kharl\documents\git\godzila\eye\newhoug.cpp(383): warning C4244: 'initializing': conversion from 'int' to 'float', possible loss of data
  Eye.vcxproj -> C:\Users\kharl\Documents\Git\godzila\Eye\Debug\Eye.exe
  Eye.vcxproj -> C:\Users\kharl\Documents\Git\godzila\Eye\Debug\Eye.pdb (Partial PDB)
